{"__type":"$$EventMessageAudit","id":"a3c722c5-7f7f-44d2-ad27-fac3e9ded045","ts":"2025-12-01T03:47:25.087+00:00","eventName":"n8n.audit.workflow.updated","message":"n8n.audit.workflow.updated","payload":{"userId":"10001af2-2036-4628-ae42-6ddc275414f1","_email":"janu.farras008@gmail.com","_firstName":"Janu","_lastName":"Farras","globalRole":"global:owner","workflowId":"Yw41hHwmtSDsQcwm","workflowName":"Webhook Honda AI CS"}}
{"__type":"$$EventMessageConfirm","confirm":"a3c722c5-7f7f-44d2-ad27-fac3e9ded045","ts":"2025-12-01T03:47:25.087+00:00","source":{"id":"0","name":"eventBus"}}
{"__type":"$$EventMessageAudit","id":"21fe99b3-e965-4662-ba87-4b8be3e8e8bb","ts":"2025-12-01T03:59:09.190+00:00","eventName":"n8n.audit.workflow.updated","message":"n8n.audit.workflow.updated","payload":{"userId":"10001af2-2036-4628-ae42-6ddc275414f1","_email":"janu.farras008@gmail.com","_firstName":"Janu","_lastName":"Farras","globalRole":"global:owner","workflowId":"Yw41hHwmtSDsQcwm","workflowName":"Webhook Honda AI CS"}}
{"__type":"$$EventMessageConfirm","confirm":"21fe99b3-e965-4662-ba87-4b8be3e8e8bb","ts":"2025-12-01T03:59:09.191+00:00","source":{"id":"0","name":"eventBus"}}
{"__type":"$$EventMessageWorkflow","id":"0a1e06b8-b412-41ee-b03a-e349c83b1a2c","ts":"2025-11-30T22:59:16.551-05:00","eventName":"n8n.workflow.started","message":"n8n.workflow.started","payload":{"executionId":"57","workflowId":"Yw41hHwmtSDsQcwm","isManual":false,"workflowName":"Webhook Honda AI CS"}}
{"__type":"$$EventMessageConfirm","confirm":"0a1e06b8-b412-41ee-b03a-e349c83b1a2c","ts":"2025-11-30T22:59:16.552-05:00","source":{"id":"0","name":"eventBus"}}
{"__type":"$$EventMessageNode","id":"049d4bbd-a4c3-4610-8220-e982d1c38e2c","ts":"2025-11-30T22:59:16.553-05:00","eventName":"n8n.node.started","message":"n8n.node.started","payload":{"workflowId":"Yw41hHwmtSDsQcwm","workflowName":"Webhook Honda AI CS","executionId":"57","nodeType":"n8n-nodes-base.webhook","nodeName":"Webhook","nodeId":"c2a425c6-27d5-4167-aa7c-bbd8644ab8fe"}}
{"__type":"$$EventMessageConfirm","confirm":"049d4bbd-a4c3-4610-8220-e982d1c38e2c","ts":"2025-11-30T22:59:16.553-05:00","source":{"id":"0","name":"eventBus"}}
{"__type":"$$EventMessageNode","id":"9c7de759-7f80-413b-aaba-1e5457d241a4","ts":"2025-11-30T22:59:16.557-05:00","eventName":"n8n.node.finished","message":"n8n.node.finished","payload":{"workflowId":"Yw41hHwmtSDsQcwm","workflowName":"Webhook Honda AI CS","executionId":"57","nodeType":"n8n-nodes-base.webhook","nodeName":"Webhook","nodeId":"c2a425c6-27d5-4167-aa7c-bbd8644ab8fe"}}
{"__type":"$$EventMessageConfirm","confirm":"9c7de759-7f80-413b-aaba-1e5457d241a4","ts":"2025-11-30T22:59:16.557-05:00","source":{"id":"0","name":"eventBus"}}
{"__type":"$$EventMessageWorkflow","id":"b71cd662-42ae-467f-a6be-d37bc379f755","ts":"2025-11-30T22:59:16.559-05:00","eventName":"n8n.workflow.failed","message":"n8n.workflow.failed","payload":{"executionId":"57","success":false,"isManual":false,"workflowId":"Yw41hHwmtSDsQcwm","workflowName":"Webhook Honda AI CS","lastNodeExecuted":"Webhook","errorMessage":"Unused Respond to Webhook node found in the workflow"}}
{"__type":"$$EventMessageConfirm","confirm":"b71cd662-42ae-467f-a6be-d37bc379f755","ts":"2025-11-30T22:59:16.559-05:00","source":{"id":"0","name":"eventBus"}}
{"__type":"$$EventMessageWorkflow","id":"4ec6b005-4e04-4c15-a812-31ff65cbc033","ts":"2025-11-30T23:01:18.844-05:00","eventName":"n8n.workflow.started","message":"n8n.workflow.started","payload":{"executionId":"58","workflowId":"Yw41hHwmtSDsQcwm","isManual":false,"workflowName":"Webhook Honda AI CS"}}
{"__type":"$$EventMessageConfirm","confirm":"4ec6b005-4e04-4c15-a812-31ff65cbc033","ts":"2025-11-30T23:01:18.844-05:00","source":{"id":"0","name":"eventBus"}}
{"__type":"$$EventMessageNode","id":"3cb837ce-0808-411e-8d32-32b41276b80d","ts":"2025-11-30T23:01:18.845-05:00","eventName":"n8n.node.started","message":"n8n.node.started","payload":{"workflowId":"Yw41hHwmtSDsQcwm","workflowName":"Webhook Honda AI CS","executionId":"58","nodeType":"n8n-nodes-base.webhook","nodeName":"Webhook","nodeId":"c2a425c6-27d5-4167-aa7c-bbd8644ab8fe"}}
{"__type":"$$EventMessageConfirm","confirm":"3cb837ce-0808-411e-8d32-32b41276b80d","ts":"2025-11-30T23:01:18.846-05:00","source":{"id":"0","name":"eventBus"}}
{"__type":"$$EventMessageNode","id":"b679fa19-bc31-49fe-b0d2-50d072931af4","ts":"2025-11-30T23:01:18.847-05:00","eventName":"n8n.node.finished","message":"n8n.node.finished","payload":{"workflowId":"Yw41hHwmtSDsQcwm","workflowName":"Webhook Honda AI CS","executionId":"58","nodeType":"n8n-nodes-base.webhook","nodeName":"Webhook","nodeId":"c2a425c6-27d5-4167-aa7c-bbd8644ab8fe"}}
{"__type":"$$EventMessageConfirm","confirm":"b679fa19-bc31-49fe-b0d2-50d072931af4","ts":"2025-11-30T23:01:18.847-05:00","source":{"id":"0","name":"eventBus"}}
{"__type":"$$EventMessageWorkflow","id":"4f6f0316-b169-4e8a-8c45-ece3ae164765","ts":"2025-11-30T23:01:18.848-05:00","eventName":"n8n.workflow.failed","message":"n8n.workflow.failed","payload":{"executionId":"58","success":false,"isManual":false,"workflowId":"Yw41hHwmtSDsQcwm","workflowName":"Webhook Honda AI CS","lastNodeExecuted":"Webhook","errorMessage":"Unused Respond to Webhook node found in the workflow"}}
{"__type":"$$EventMessageConfirm","confirm":"4f6f0316-b169-4e8a-8c45-ece3ae164765","ts":"2025-11-30T23:01:18.849-05:00","source":{"id":"0","name":"eventBus"}}
{"__type":"$$EventMessageWorkflow","id":"2d5a3322-3879-4443-a38f-2381b43f745f","ts":"2025-11-30T23:01:31.478-05:00","eventName":"n8n.workflow.started","message":"n8n.workflow.started","payload":{"executionId":"59","workflowId":"Yw41hHwmtSDsQcwm","isManual":false,"workflowName":"Webhook Honda AI CS"}}
{"__type":"$$EventMessageConfirm","confirm":"2d5a3322-3879-4443-a38f-2381b43f745f","ts":"2025-11-30T23:01:31.478-05:00","source":{"id":"0","name":"eventBus"}}
{"__type":"$$EventMessageNode","id":"b8f3086c-cb92-4de8-ae6e-adca68af234d","ts":"2025-11-30T23:01:31.478-05:00","eventName":"n8n.node.started","message":"n8n.node.started","payload":{"workflowId":"Yw41hHwmtSDsQcwm","workflowName":"Webhook Honda AI CS","executionId":"59","nodeType":"n8n-nodes-base.webhook","nodeName":"Webhook","nodeId":"c2a425c6-27d5-4167-aa7c-bbd8644ab8fe"}}
{"__type":"$$EventMessageConfirm","confirm":"b8f3086c-cb92-4de8-ae6e-adca68af234d","ts":"2025-11-30T23:01:31.478-05:00","source":{"id":"0","name":"eventBus"}}
{"__type":"$$EventMessageNode","id":"e2581cc3-d1d8-43eb-b783-20ee5ba5c5d2","ts":"2025-11-30T23:01:31.480-05:00","eventName":"n8n.node.finished","message":"n8n.node.finished","payload":{"workflowId":"Yw41hHwmtSDsQcwm","workflowName":"Webhook Honda AI CS","executionId":"59","nodeType":"n8n-nodes-base.webhook","nodeName":"Webhook","nodeId":"c2a425c6-27d5-4167-aa7c-bbd8644ab8fe"}}
{"__type":"$$EventMessageConfirm","confirm":"e2581cc3-d1d8-43eb-b783-20ee5ba5c5d2","ts":"2025-11-30T23:01:31.480-05:00","source":{"id":"0","name":"eventBus"}}
{"__type":"$$EventMessageWorkflow","id":"8f8d033a-95ee-4119-b300-4e291dec94bc","ts":"2025-11-30T23:01:31.480-05:00","eventName":"n8n.workflow.failed","message":"n8n.workflow.failed","payload":{"executionId":"59","success":false,"isManual":false,"workflowId":"Yw41hHwmtSDsQcwm","workflowName":"Webhook Honda AI CS","lastNodeExecuted":"Webhook","errorMessage":"Unused Respond to Webhook node found in the workflow"}}
{"__type":"$$EventMessageConfirm","confirm":"8f8d033a-95ee-4119-b300-4e291dec94bc","ts":"2025-11-30T23:01:31.480-05:00","source":{"id":"0","name":"eventBus"}}
